
> biz-mate.fe@0.0.0 start
> ng serve --host 127.0.0.1 --port 4200

[33m>[39m Building...
[32m√[39m Building...
[1mInitial chunk files[22m[2m | [22m[1mNames[22m                             [2m | [22m [1mRaw size[22m
[32mstyles.css[39m         [2m | [22m[2mstyles[22m                            [2m | [22m[36m892.83 kB[39m[2m | [22m
[32mmain.js[39m            [2m | [22m[2mmain[22m                              [2m | [22m  [36m9.36 kB[39m[2m | [22m
[32mchunk-CZJLB7T5.js[39m  [2m | [22m[2m-[22m                                 [2m | [22m  [36m1.08 kB[39m[2m | [22m

[1m [22m                  [2m | [22m[1mInitial total[22m                     [2m | [22m[1m903.26 kB[22m

[1mLazy chunk files[22m   [2m | [22m[1mNames[22m                             [2m | [22m [1mRaw size[22m
[32mchunk-4BF7A4RM.js[39m  [2m | [22m[2morder-update-component[22m            [2m | [22m[36m152.39 kB[39m[2m | [22m
[32mchunk-G3JVJ7AK.js[39m  [2m | [22m[2mproduct-component[22m                 [2m | [22m[36m147.11 kB[39m[2m | [22m
[32mchunk-OD53TRSG.js[39m  [2m | [22m[2morder-create-component[22m            [2m | [22m[36m140.86 kB[39m[2m | [22m
[32mchunk-MYPGCZOA.js[39m  [2m | [22m[2mcustomer-list[22m                     [2m | [22m[36m118.52 kB[39m[2m | [22m
[32mchunk-6L7F4OPE.js[39m  [2m | [22m[2mwarehouse-receipt-create-component[22m[2m | [22m[36m103.69 kB[39m[2m | [22m
[32mchunk-45BKXBVZ.js[39m  [2m | [22m[2mproduct-category-component[22m        [2m | [22m [36m90.96 kB[39m[2m | [22m
[32mchunk-MM3QT5YK.js[39m  [2m | [22m[2mwarehouse-receipt-update-component[22m[2m | [22m [36m90.18 kB[39m[2m | [22m
[32mchunk-QEIPOJD5.js[39m  [2m | [22m[2morder-component[22m                   [2m | [22m [36m72.46 kB[39m[2m | [22m
[32mchunk-NA3MENTU.js[39m  [2m | [22m[2mwarehouse-receipt-component[22m       [2m | [22m [36m71.79 kB[39m[2m | [22m
[32mchunk-CEV3QZRL.js[39m  [2m | [22m[2mdealer-level-update-component[22m     [2m | [22m [36m70.03 kB[39m[2m | [22m
[32mchunk-GPZTHI35.js[39m  [2m | [22m[2m-[22m                                 [2m | [22m [36m66.67 kB[39m[2m | [22m
[32mchunk-3FNUM25I.js[39m  [2m | [22m[2mdealer-level-component[22m            [2m | [22m [36m58.84 kB[39m[2m | [22m
[32mchunk-CHCQGI5G.js[39m  [2m | [22m[2m-[22m                                 [2m | [22m [36m46.65 kB[39m[2m | [22m
[32mchunk-4BFXD4LQ.js[39m  [2m | [22m[2mdealer-level-create-component[22m     [2m | [22m [36m34.23 kB[39m[2m | [22m
[32mchunk-OTREY2Q5.js[39m  [2m | [22m[2mregister-component[22m                [2m | [22m [36m26.14 kB[39m[2m | [22m
[2m...and 15 more lazy chunks files. Use "--verbose" to show all the files.[22m

Application bundle generation complete. [11.455 seconds]

Watch mode enabled. Watching for file changes...
NOTE: Raw file sizes do not reflect development server per-request transformations.
[2m1:28:02 PM[22m [36m[1m[vite][22m[39m [34m[2m(ssr)[22m[39m Re-optimizing dependencies because vite config has changed
[2m1:28:02 PM[22m [36m[1m[vite][22m[39m [90m[2m(client)[22m[39m Re-optimizing dependencies because vite config has changed
  [32m➜[39m  [1mLocal[22m:   [36mhttp://127.0.0.1:[1m4200[22m/[39m
[33m>[39m Changes detected. Rebuilding...
[32m√[39m Changes detected. Rebuilding...
Application bundle generation failed. [7.232 seconds]

[33m>[39m Changes detected. Rebuilding...
[32m√[39m Changes detected. Rebuilding...
[1mInitial chunk files[22m[2m | [22m[1mNames[22m                             [2m | [22m [1mRaw size[22m
[32mstyles.css[39m         [2m | [22m[2mstyles[22m                            [2m | [22m[36m892.83 kB[39m[2m | [22m
[32mmain.js[39m            [2m | [22m[2mmain[22m                              [2m | [22m  [36m9.36 kB[39m[2m | [22m
[32mchunk-CZJLB7T5.js[39m  [2m | [22m[2m-[22m                                 [2m | [22m  [36m1.08 kB[39m[2m | [22m

[1m [22m                  [2m | [22m[1mInitial total[22m                     [2m | [22m[1m903.26 kB[22m

[1mLazy chunk files[22m   [2m | [22m[1mNames[22m                             [2m | [22m [1mRaw size[22m
[32mchunk-4BF7A4RM.js[39m  [2m | [22m[2morder-update-component[22m            [2m | [22m[36m152.39 kB[39m[2m | [22m
[32mchunk-G3JVJ7AK.js[39m  [2m | [22m[2mproduct-component[22m                 [2m | [22m[36m147.11 kB[39m[2m | [22m
[32mchunk-OD53TRSG.js[39m  [2m | [22m[2morder-create-component[22m            [2m | [22m[36m140.86 kB[39m[2m | [22m
[32mchunk-MYPGCZOA.js[39m  [2m | [22m[2mcustomer-list[22m                     [2m | [22m[36m118.52 kB[39m[2m | [22m
[32mchunk-U6BOZ3EL.js[39m  [2m | [22m[2mwarehouse-receipt-create-component[22m[2m | [22m[36m104.16 kB[39m[2m | [22m
[32mchunk-45BKXBVZ.js[39m  [2m | [22m[2mproduct-category-component[22m        [2m | [22m [36m90.96 kB[39m[2m | [22m
[32mchunk-MM3QT5YK.js[39m  [2m | [22m[2mwarehouse-receipt-update-component[22m[2m | [22m [36m90.18 kB[39m[2m | [22m
[32mchunk-QEIPOJD5.js[39m  [2m | [22m[2morder-component[22m                   [2m | [22m [36m72.46 kB[39m[2m | [22m
[32mchunk-NA3MENTU.js[39m  [2m | [22m[2mwarehouse-receipt-component[22m       [2m | [22m [36m71.79 kB[39m[2m | [22m
[32mchunk-CEV3QZRL.js[39m  [2m | [22m[2mdealer-level-update-component[22m     [2m | [22m [36m70.03 kB[39m[2m | [22m
[32mchunk-GPZTHI35.js[39m  [2m | [22m[2m-[22m                                 [2m | [22m [36m66.67 kB[39m[2m | [22m
[32mchunk-3FNUM25I.js[39m  [2m | [22m[2mdealer-level-component[22m            [2m | [22m [36m58.84 kB[39m[2m | [22m
[32mchunk-CHCQGI5G.js[39m  [2m | [22m[2m-[22m                                 [2m | [22m [36m46.65 kB[39m[2m | [22m
[32mchunk-4BFXD4LQ.js[39m  [2m | [22m[2mdealer-level-create-component[22m     [2m | [22m [36m34.23 kB[39m[2m | [22m
[32mchunk-OTREY2Q5.js[39m  [2m | [22m[2mregister-component[22m                [2m | [22m [36m26.14 kB[39m[2m | [22m
[2m...and 15 more lazy chunks files. Use "--verbose" to show all the files.[22m

Application bundle generation complete. [1.697 seconds]

Page reload sent to client(s).
[33m>[39m Changes detected. Rebuilding...
[32m√[39m Changes detected. Rebuilding...
[1mInitial chunk files[22m[2m | [22m[1mNames[22m                             [2m | [22m [1mRaw size[22m
[32mmain.js[39m            [2m | [22m[2mmain[22m                              [2m | [22m  [36m9.36 kB[39m[2m | [22m

[1mLazy chunk files[22m   [2m | [22m[1mNames[22m                             [2m | [22m [1mRaw size[22m
[32mchunk-R6CC4UKX.js[39m  [2m | [22m[2mwarehouse-receipt-create-component[22m[2m | [22m[36m104.18 kB[39m[2m | [22m

Application bundle generation complete. [1.499 seconds]

Component update sent to client(s).
[33m>[39m Changes detected. Rebuilding...
[32m√[39m Changes detected. Rebuilding...
[1mInitial chunk files[22m[2m | [22m[1mNames[22m                             [2m | [22m [1mRaw size[22m
[32mmain.js[39m            [2m | [22m[2mmain[22m                              [2m | [22m  [36m9.36 kB[39m[2m | [22m

[1mLazy chunk files[22m   [2m | [22m[1mNames[22m                             [2m | [22m [1mRaw size[22m
[32mchunk-U6BOZ3EL.js[39m  [2m | [22m[2mwarehouse-receipt-create-component[22m[2m | [22m[36m104.16 kB[39m[2m | [22m

Application bundle generation complete. [2.425 seconds]

Component update sent to client(s).
[33m>[39m Changes detected. Rebuilding...
[32m√[39m Changes detected. Rebuilding...
[1mInitial chunk files[22m[2m | [22m[1mNames[22m                             [2m | [22m [1mRaw size[22m
[32mmain.js[39m            [2m | [22m[2mmain[22m                              [2m | [22m  [36m9.36 kB[39m[2m | [22m

[1mLazy chunk files[22m   [2m | [22m[1mNames[22m                             [2m | [22m [1mRaw size[22m
[32mchunk-GS6L3JPQ.js[39m  [2m | [22m[2mwarehouse-receipt-create-component[22m[2m | [22m[36m104.17 kB[39m[2m | [22m

Application bundle generation complete. [2.180 seconds]

Component update sent to client(s).
[33m>[39m Changes detected. Rebuilding...
[32m√[39m Changes detected. Rebuilding...
[1mInitial chunk files[22m[2m | [22m[1mNames[22m                             [2m | [22m [1mRaw size[22m
[32mstyles.css[39m         [2m | [22m[2mstyles[22m                            [2m | [22m[36m892.86 kB[39m[2m | [22m
[32mmain.js[39m            [2m | [22m[2mmain[22m                              [2m | [22m  [36m9.36 kB[39m[2m | [22m

[1mLazy chunk files[22m   [2m | [22m[1mNames[22m                             [2m | [22m [1mRaw size[22m
[32mchunk-W6D7MBYV.js[39m  [2m | [22m[2mwarehouse-receipt-create-component[22m[2m | [22m[36m104.17 kB[39m[2m | [22m

Application bundle generation complete. [1.872 seconds]

Stylesheet update sent to client(s).
Component update sent to client(s).
[33m>[39m Changes detected. Rebuilding...
[32m√[39m Changes detected. Rebuilding...
[1mInitial chunk files[22m[2m | [22m[1mNames[22m                             [2m | [22m [1mRaw size[22m
[32mmain.js[39m            [2m | [22m[2mmain[22m                              [2m | [22m  [36m9.36 kB[39m[2m | [22m

[1mLazy chunk files[22m   [2m | [22m[1mNames[22m                             [2m | [22m [1mRaw size[22m
[32mchunk-C5NDHJ7A.js[39m  [2m | [22m[2mwarehouse-receipt-create-component[22m[2m | [22m[36m104.17 kB[39m[2m | [22m

Application bundle generation complete. [1.504 seconds]

Component update sent to client(s).
[33m>[39m Changes detected. Rebuilding...
[32m√[39m Changes detected. Rebuilding...
[1mInitial chunk files[22m[2m | [22m[1mNames[22m                             [2m | [22m [1mRaw size[22m
[32mstyles.css[39m         [2m | [22m[2mstyles[22m                            [2m | [22m[36m892.90 kB[39m[2m | [22m
[32mmain.js[39m            [2m | [22m[2mmain[22m                              [2m | [22m  [36m9.36 kB[39m[2m | [22m

[1mLazy chunk files[22m   [2m | [22m[1mNames[22m                             [2m | [22m [1mRaw size[22m
[32mchunk-RQLSVWK2.js[39m  [2m | [22m[2mwarehouse-receipt-create-component[22m[2m | [22m[36m104.17 kB[39m[2m | [22m

Application bundle generation complete. [1.535 seconds]

Stylesheet update sent to client(s).
Component update sent to client(s).
[33m>[39m Changes detected. Rebuilding...
[32m√[39m Changes detected. Rebuilding...
[1mInitial chunk files[22m[2m | [22m[1mNames[22m                 [2m | [22m [1mRaw size[22m
[32mmain.js[39m            [2m | [22m[2mmain[22m                  [2m | [22m  [36m9.36 kB[39m[2m | [22m

[1mLazy chunk files[22m   [2m | [22m[1mNames[22m                 [2m | [22m [1mRaw size[22m
[32mchunk-6MBXUQB2.js[39m  [2m | [22m[2morder-create-component[22m[2m | [22m[36m141.26 kB[39m[2m | [22m

Application bundle generation complete. [2.387 seconds]

Component update sent to client(s).
